Change Component Description : Designator=U1 Old Description=DIGITAL HUMIDITY, PRESSURE AND TEMPERATURE SENSOR<br>* Digital interface IA?C (up to 3.4 MHz) and SPI (3 and 4 wire, up to 10 MHz)* Supply voltage VDD main supply voltage range: 1.71 V to 3.6 V*VDDIO interface voltage range: 1.2 V to 3.6 V<br> Operating range -40aˆ New Description=DIGITAL HUMIDITY, PRESSURE AND TEMPERATURE SENSOR<br>* Digital interface IA?C (up to 3.4 MHz) and SPI (3 and 4 wire, up to 10 MHz)* Supply voltage VDD main supply voltage range: 1.71 V to 3.6 V*VDDIO interface voltage range: 1.2 V to 3.6 V<br> Operating range -40aˆ|+85 A°C, 0aˆ|100 % rel. humidity, 300aˆ|1100 hPa <br><br>  The library has been designed by<a href="https://www.facebook.com/groups/eaglecadsoftUK"> Richard Magdycz</a>
Added Component: Designator=C10(C_0805)
Add component (AddParameter): Name = "Value"; Value = "0.1uF"; VariantName = "[No Variations]"
Added Component: Designator=C11(C_0805)
Add component (AddParameter): Name = "Value"; Value = "0.1uF"; VariantName = "[No Variations]"
Added Component: Designator=C12(C_0805)
Add component (AddParameter): Name = "Value"; Value = "0.1uF"; VariantName = "[No Variations]"
Added Component: Designator=C13(C_0805)
Add component (AddParameter): Name = "Value"; Value = "0.1uF"; VariantName = "[No Variations]"
Added Component: Designator=C14(C_0805)
Add component (AddParameter): Name = "Value"; Value = "0.1uF"; VariantName = "[No Variations]"
Added Component: Designator=C15(C_0805)
Add component (AddParameter): Name = "Value"; Value = "0.1uF"; VariantName = "[No Variations]"
Added Component: Designator=R7(R_0402)
Add component (AddParameter): Name = "Value"; Value = "10K"; VariantName = "[No Variations]"
Added Component: Designator=R8(R_0402)
Add component (AddParameter): Name = "Value"; Value = "10K"; VariantName = "[No Variations]"
Added Pin To Net: NetName=GND Pin=C10-1
Added Pin To Net: NetName=3V3-SYS Pin=C10-2
Added Pin To Net: NetName=GND Pin=C11-1
Added Pin To Net: NetName=3V3-SYS Pin=C11-2
Added Pin To Net: NetName=GND Pin=C12-1
Added Pin To Net: NetName=3V3-SYS Pin=C12-2
Added Pin To Net: NetName=GND Pin=C13-1
Added Pin To Net: NetName=3V3-SYS Pin=C13-2
Added Pin To Net: NetName=GND Pin=C14-1
Added Pin To Net: NetName=3V3-SYS Pin=C14-2
Added Pin To Net: NetName=GND Pin=C15-1
Added Pin To Net: NetName=3V3-SYS Pin=R7-2
Added Pin To Net: NetName=GND Pin=R8-2
Added Pin To Net: NetName=I2C_CS Pin=U2-1
Added Pin To Net: NetName=3V3-SYS Pin=U2-2
Added Pin To Net: NetName=GND Pin=U2-2
Added Pin To Net: NetName=3V3-SYS Pin=U4-1
Added Pin To Net: NetName=3V3-SYS Pin=U4-9
Added Pin To Net: NetName=3V3-SYS Pin=U4-24
Added Pin To Net: NetName=3V3-SYS Pin=U4-36
Added Pin To Net: NetName=3V3-SYS Pin=U4-48
Added Pin To Net: NetName=NetC15_2 Pin=C15-2
Added Pin To Net: NetName=NetC15_2 Pin=R7-1
Added Pin To Net: NetName=NetC15_2 Pin=U4-7
Added Net: Name=NetC15_2
Added Pin To Net: NetName=NetR8_1 Pin=R8-1
Added Pin To Net: NetName=NetR8_1 Pin=U4-44
Added Net: Name=NetR8_1
Added Member To Class: ClassName=Modules-sheet Member=Component C1 100uF
Added Member To Class: ClassName=Modules-sheet Member=Component C2 0.1uF
Added Member To Class: ClassName=Modules-sheet Member=Component C3 4.7uF
Added Member To Class: ClassName=Modules-sheet Member=Component C4 470pF
Added Member To Class: ClassName=Modules-sheet Member=Component C5 100nF
Added Member To Class: ClassName=Modules-sheet Member=Component C6 100nF
Added Member To Class: ClassName=Modules-sheet Member=Component C7 470uF
Added Member To Class: ClassName=STM32-sheet Member=Component C8 8 pF
Added Member To Class: ClassName=STM32-sheet Member=Component C9 8 pF
Added Member To Class: ClassName=STM32-sheet Member=Component C10 0.1uF
Added Member To Class: ClassName=STM32-sheet Member=Component C11 0.1uF
Added Member To Class: ClassName=STM32-sheet Member=Component C12 0.1uF
Added Member To Class: ClassName=STM32-sheet Member=Component C13 0.1uF
Added Member To Class: ClassName=STM32-sheet Member=Component C14 0.1uF
Added Member To Class: ClassName=STM32-sheet Member=Component C15 0.1uF
Added Member To Class: ClassName=Modules-sheet Member=Component IC1 MC34063A
Added Member To Class: ClassName=Modules-sheet Member=Component L1
Added Member To Class: ClassName=Modules-sheet Member=Component R1 0.33 Ohm
Added Member To Class: ClassName=Modules-sheet Member=Component R2 10K
Added Member To Class: ClassName=Modules-sheet Member=Component R3 10K
Added Member To Class: ClassName=Modules-sheet Member=Component R4 3K6
Added Member To Class: ClassName=Modules-sheet Member=Component R5 1K2
Added Member To Class: ClassName=Modules-sheet Member=Component R6 4K7
Added Member To Class: ClassName=STM32-sheet Member=Component R7 10K
Added Member To Class: ClassName=STM32-sheet Member=Component R8 10K
Added Member To Class: ClassName=Modules-sheet Member=Component U1 BME280
Added Member To Class: ClassName=Modules-sheet Member=Component U2 TH02
Added Member To Class: ClassName=STM32-sheet Member=Component U4 STM32F103CBU6
Added Member To Class: ClassName=Modules-sheet Member=Component U DS18B20Z
Added Member To Class: ClassName=Modules-sheet Member=Component X1 PLS-3
Added Member To Class: ClassName=STM32-sheet Member=Component Y1
Added Room: Name=STM32-sheet
