Added Component: Designator=C10(C_0805)
Add component (AddParameter): Name = "Value"; Value = "0.1uF"; VariantName = "[No Variations]"
Added Component: Designator=C11(C_0805)
Add component (AddParameter): Name = "Value"; Value = "0.1uF"; VariantName = "[No Variations]"
Added Component: Designator=C12(C_0805)
Add component (AddParameter): Name = "Value"; Value = "0.1uF"; VariantName = "[No Variations]"
Added Component: Designator=C13(C_0805)
Add component (AddParameter): Name = "Value"; Value = "0.1uF"; VariantName = "[No Variations]"
Added Component: Designator=C14(C_0805)
Add component (AddParameter): Name = "Value"; Value = "0.1uF"; VariantName = "[No Variations]"
Added Component: Designator=C15(C_0805)
Add component (AddParameter): Name = "Value"; Value = "0.1uF"; VariantName = "[No Variations]"
Added Component: Designator=R7(R_0402)
Add component (AddParameter): Name = "Value"; Value = "10K"; VariantName = "[No Variations]"
Added Component: Designator=R8(R_0402)
Add component (AddParameter): Name = "Value"; Value = "10K"; VariantName = "[No Variations]"
Added Pin To Net: NetName=3V3-SYS Pin=C10-1
Added Pin To Net: NetName=GND Pin=C10-2
Added Pin To Net: NetName=3V3-SYS Pin=C11-1
Added Pin To Net: NetName=GND Pin=C11-2
Added Pin To Net: NetName=3V3-SYS Pin=C12-1
Added Pin To Net: NetName=GND Pin=C12-2
Added Pin To Net: NetName=3V3-SYS Pin=C13-1
Added Pin To Net: NetName=GND Pin=C13-2
Added Pin To Net: NetName=3V3-SYS Pin=C14-1
Added Pin To Net: NetName=GND Pin=C14-2
Added Pin To Net: NetName=GND Pin=C15-1
Added Pin To Net: NetName=3V3-SYS Pin=R7-2
Added Pin To Net: NetName=GND Pin=R8-2
Added Pin To Net: NetName=I2C_CS Pin=U2-1
Added Pin To Net: NetName=3V3-SYS Pin=U2-2
Added Pin To Net: NetName=GND Pin=U2-2
Added Pin To Net: NetName=3V3-SYS Pin=U4-1
Added Pin To Net: NetName=3V3-SYS Pin=U4-9
Added Pin To Net: NetName=3V3-SYS Pin=U4-24
Added Pin To Net: NetName=3V3-SYS Pin=U4-36
Added Pin To Net: NetName=3V3-SYS Pin=U4-48
Change Net Name : Old Net Name=+12 New Net Name=12V-PWR
Added Pin To Net: NetName=NetC15_2 Pin=C15-2
Added Pin To Net: NetName=NetC15_2 Pin=R7-1
Added Pin To Net: NetName=NetC15_2 Pin=U4-7
Added Net: Name=NetC15_2
Added Pin To Net: NetName=NetR8_1 Pin=R8-1
Added Pin To Net: NetName=NetR8_1 Pin=U4-44
Added Net: Name=NetR8_1
Added Member To Class: ClassName=STM32-sheet Member=Component C10 0.1uF
Added Member To Class: ClassName=STM32-sheet Member=Component C11 0.1uF
Added Member To Class: ClassName=STM32-sheet Member=Component C12 0.1uF
Added Member To Class: ClassName=STM32-sheet Member=Component C13 0.1uF
Added Member To Class: ClassName=STM32-sheet Member=Component C14 0.1uF
Added Member To Class: ClassName=STM32-sheet Member=Component C15 0.1uF
Added Member To Class: ClassName=STM32-sheet Member=Component R7 10K
Added Member To Class: ClassName=STM32-sheet Member=Component R8 10K
Added Room: Name=STM32-sheet
