Added Component: Designator=C1(CPM6032)
Add component (AddParameter): Name = "Value"; Value = "100uF"; VariantName = "[No Variations]"
Added Component: Designator=C2(C_0805)
Add component (AddParameter): Name = "Value"; Value = "0.1uF"; VariantName = "[No Variations]"
Added Component: Designator=C3(C_0805)
Add component (AddParameter): Name = "Value"; Value = "4.7uF"; VariantName = "[No Variations]"
Added Component: Designator=C4(C_0805)
Add component (AddParameter): Name = "Value"; Value = "470pF"; VariantName = "[No Variations]"
Added Component: Designator=C5(C_0805)
Add component (AddParameter): Name = "Value"; Value = "100nF"; VariantName = "[No Variations]"
Added Component: Designator=C6(C_0805)
Add component (AddParameter): Name = "Value"; Value = "100nF"; VariantName = "[No Variations]"
Added Component: Designator=C7(CPM6032)
Add component (AddParameter): Name = "Value"; Value = "470uF"; VariantName = "[No Variations]"
Added Component: Designator=C8(C_0805)
Add component (AddParameter): Name = "Value"; Value = "8 pF"; VariantName = "[No Variations]"
Added Component: Designator=C9(C_0805)
Add component (AddParameter): Name = "Value"; Value = "8 pF"; VariantName = "[No Variations]"
Added Component: Designator=IC1(SO08)
Add component (AddParameter): Name = "Availability"; Value = "Unavailable"; VariantName = "[No Variations]"
Add component (AddParameter): Name = "MF"; Value = "Texas Instruments"; VariantName = "[No Variations]"
Add component (AddParameter): Name = "MP"; Value = "MC34063A"; VariantName = "[No Variations]"
Add component (AddParameter): Name = "Package"; Value = "SOIC-8 Texas Instruments"; VariantName = "[No Variations]"
Add component (AddParameter): Name = "Price"; Value = "None"; VariantName = "[No Variations]"
Add component (AddParameter): Name = "SnapEDA_Link"; Value = "https://www.snapeda.com/parts/MC34063A/Texas%20Instruments/view-part/581314/?ref=snap"; VariantName = "[No Variations]"
Add component (AddParameter): Name = "Value"; Value = ""; VariantName = "[No Variations]"
Added Component: Designator=L1(IND_LQH43CN2R2M03L)
Add component (AddParameter): Name = "Availability"; Value = "Good"; VariantName = "[No Variations]"
Add component (AddParameter): Name = "MF"; Value = "Murata"; VariantName = "[No Variations]"
Add component (AddParameter): Name = "MP"; Value = "LQH43CN2R2M03L"; VariantName = "[No Variations]"
Add component (AddParameter): Name = "Package"; Value = "NONSTANDARD"; VariantName = "[No Variations]"
Add component (AddParameter): Name = "Price"; Value = "None"; VariantName = "[No Variations]"
Add component (AddParameter): Name = "Purchase-URL"; Value = "https://pricing.snapeda.com/search/part/LQH43CN2R2M03L/?ref=eda"; VariantName = "[No Variations]"
Add component (AddParameter): Name = "SnapEDA_Link"; Value = "https://www.snapeda.com/parts/LQH43CN2R2M03L/Murata/view-part/4550537/?ref=snap"; VariantName = "[No Variations]"
Add component (AddParameter): Name = "Value"; Value = "220uH"; VariantName = "[No Variations]"
Added Component: Designator=R1(R_0402)
Add component (AddParameter): Name = "Value"; Value = "0.33 Ohm"; VariantName = "[No Variations]"
Added Component: Designator=R2(R_0402)
Add component (AddParameter): Name = "Value"; Value = "10K"; VariantName = "[No Variations]"
Added Component: Designator=R3(R_0402)
Add component (AddParameter): Name = "Value"; Value = "10K"; VariantName = "[No Variations]"
Added Component: Designator=R4(R_0402)
Add component (AddParameter): Name = "Value"; Value = "3K6"; VariantName = "[No Variations]"
Added Component: Designator=R5(R_0402)
Add component (AddParameter): Name = "Value"; Value = "1K2"; VariantName = "[No Variations]"
Added Component: Designator=R6(R_0402)
Add component (AddParameter): Name = "Value"; Value = "4K7"; VariantName = "[No Variations]"
Added Component: Designator=U1(PSON65P250X250X100-8N)
Add component (AddParameter): Name = "Availability"; Value = "Unavailable"; VariantName = "[No Variations]"
Add component (AddParameter): Name = "MF"; Value = ""; VariantName = "[No Variations]"
Add component (AddParameter): Name = "MP"; Value = "BME280"; VariantName = "[No Variations]"
Add component (AddParameter): Name = "Package"; Value = "None"; VariantName = "[No Variations]"
Add component (AddParameter): Name = "Price"; Value = "None"; VariantName = "[No Variations]"
Add component (AddParameter): Name = "Value"; Value = ""; VariantName = "[No Variations]"
Added Component: Designator=U2(QFN-24)
Added Component: Designator=U4(STM-UFQFPN48_M)
Add component (AddParameter): Name = "ComponentLink1Description"; Value = "Manufacturer URL"; VariantName = "[No Variations]"
Add component (AddParameter): Name = "ComponentLink1URL"; Value = "http://www.st.com/"; VariantName = "[No Variations]"
Add component (AddParameter): Name = "ComponentLink2Description"; Value = "STM32F103 Datasheet"; VariantName = "[No Variations]"
Add component (AddParameter): Name = "ComponentLink2URL"; Value = "http://www.st.com/internet/com/TECHNICAL_RESOURCES/TECHNICAL_LITERATURE/DATASHEET/CD00161566.pdf"; VariantName = "[No Variations]"
Add component (AddParameter): Name = "ComponentLink3Description"; Value = "STM32 Family Web Page"; VariantName = "[No Variations]"
Add component (AddParameter): Name = "ComponentLink3URL"; Value = "www.st.com/stm32"; VariantName = "[No Variations]"
Add component (AddParameter): Name = "DatasheetVersion"; Value = "rev13.0, Apr-2011"; VariantName = "[No Variations]"
Add component (AddParameter): Name = "PackageDescription"; Value = "48-Pin Quad Flat No-Lead, 7 x 7 x 0.9 mm Body, 0.5 mm Pitch, Exposed Pad"; VariantName = "[No Variations]"
Add component (AddParameter): Name = "PackageReference"; Value = "VFQFPN48"; VariantName = "[No Variations]"
Add component (AddParameter): Name = "PackageVersion"; Value = "2011"; VariantName = "[No Variations]"
Added Component: Designator=U(SOIC127P600X175-8N)
Add component (AddParameter): Name = "Availability"; Value = "Unavailable"; VariantName = "[No Variations]"
Add component (AddParameter): Name = "MF"; Value = "Maxim Integrated"; VariantName = "[No Variations]"
Add component (AddParameter): Name = "MP"; Value = "DS18B20Z+"; VariantName = "[No Variations]"
Add component (AddParameter): Name = "Package"; Value = "SOIC-8 Maxim"; VariantName = "[No Variations]"
Add component (AddParameter): Name = "Price"; Value = "None"; VariantName = "[No Variations]"
Add component (AddParameter): Name = "SnapEDA_Link"; Value = "https://www.snapeda.com/parts/DS18B20Z%2B/Maxim%20Integrated/view-part/109391/?ref=snap"; VariantName = "[No Variations]"
Add component (AddParameter): Name = "Value"; Value = ""; VariantName = "[No Variations]"
Added Component: Designator=X1(PLS-3-3D)
Add component (AddParameter): Name = "LatestRevisionDate"; Value = "17-Jul-2002"; VariantName = "[No Variations]"
Add component (AddParameter): Name = "LatestRevisionNote"; Value = "Re-released for DXP Platform."; VariantName = "[No Variations]"
Add component (AddParameter): Name = "Publisher"; Value = "Altium Limited"; VariantName = "[No Variations]"
Added Component: Designator=Y1(NX3225GD)
Added Pin To Net: NetName=GND Pin=C1-1
Added Pin To Net: NetName=+12 Pin=C1-2
Added Pin To Net: NetName=GND Pin=C2-1
Added Pin To Net: NetName=3V3-SYS Pin=C2-2
Added Pin To Net: NetName=GND Pin=C3-1
Added Pin To Net: NetName=NetC3_2 Pin=C3-2
Added Pin To Net: NetName=GND Pin=C4-1
Added Pin To Net: NetName=NetC4_2 Pin=C4-2
Added Pin To Net: NetName=GND Pin=C5-1
Added Pin To Net: NetName=3V3-SYS Pin=C5-2
Added Pin To Net: NetName=GND Pin=C6-1
Added Pin To Net: NetName=3V3-SYS Pin=C6-2
Added Pin To Net: NetName=GND Pin=C7-1
Added Pin To Net: NetName=3V3-SYS Pin=C7-2
Added Pin To Net: NetName=NetC8_1 Pin=C8-1
Added Pin To Net: NetName=GND Pin=C8-2
Added Pin To Net: NetName=GND Pin=C9-1
Added Pin To Net: NetName=NetC9_2 Pin=C9-2
Add Pin To Net: Unknown Pin: Pin D1-0
Add Pin To Net: Unknown Pin: Pin D1-1
Added Pin To Net: NetName=NetIC1_1 Pin=IC1-1
Added Pin To Net: NetName=NetD1_0 Pin=IC1-2
Added Pin To Net: NetName=NetC4_2 Pin=IC1-3
Added Pin To Net: NetName=GND Pin=IC1-4
Added Pin To Net: NetName=NetIC1_5 Pin=IC1-5
Added Pin To Net: NetName=+12 Pin=IC1-6
Added Pin To Net: NetName=NetIC1_1 Pin=IC1-7
Added Pin To Net: NetName=NetIC1_1 Pin=IC1-8
Add Pin To Net: Unknown Pin: Pin L1-0
Added Pin To Net: NetName=NetD1_0 Pin=L1-1
Added Pin To Net: NetName=+12 Pin=R1-1
Added Pin To Net: NetName=NetIC1_1 Pin=R1-2
Added Pin To Net: NetName=I2C_SCL Pin=R2-1
Added Pin To Net: NetName=3V3-SYS Pin=R2-2
Added Pin To Net: NetName=I2C_SDA Pin=R3-1
Added Pin To Net: NetName=3V3-SYS Pin=R3-2
Added Pin To Net: NetName=NetIC1_5 Pin=R4-1
Added Pin To Net: NetName=3V3-SYS Pin=R4-2
Added Pin To Net: NetName=GND Pin=R5-1
Added Pin To Net: NetName=NetIC1_5 Pin=R5-2
Added Pin To Net: NetName=3V3-SYS Pin=R6-1
Added Pin To Net: NetName=USART2_TX Pin=R6-2
Added Pin To Net: NetName=GND Pin=U1-1
Added Pin To Net: NetName=SPI1_CSB Pin=U1-2
Added Pin To Net: NetName=SPI1_MISO Pin=U1-3
Added Pin To Net: NetName=SPI1_SCK Pin=U1-4
Added Pin To Net: NetName=SPI1_MOSI Pin=U1-5
Added Pin To Net: NetName=3V3-SYS Pin=U1-6
Added Pin To Net: NetName=GND Pin=U1-7
Added Pin To Net: NetName=3V3-SYS Pin=U1-8
Add Pin To Net: Unknown Pin: Pin U2-0
Added Pin To Net: NetName=I2C_CS Pin=U2-1
Added Pin To Net: NetName=I2C_SDA Pin=U2-1
Added Pin To Net: NetName=3V3-SYS Pin=U2-2
Added Pin To Net: NetName=GND Pin=U2-2
Added Pin To Net: NetName=NetC3_2 Pin=U2-2
Added Pin To Net: NetName=GND Pin=U2-3
Added Pin To Net: NetName=NetC9_2 Pin=U4-5
Added Pin To Net: NetName=NetC8_1 Pin=U4-6
Added Pin To Net: NetName=USART2_TX Pin=U4-12
Added Pin To Net: NetName=SPI1_CSB Pin=U4-14
Added Pin To Net: NetName=SPI1_SCK Pin=U4-15
Added Pin To Net: NetName=SPI1_MISO Pin=U4-16
Added Pin To Net: NetName=SPI1_MOSI Pin=U4-17
Added Pin To Net: NetName=USART1_CK Pin=U4-29
Added Pin To Net: NetName=USART1_TX Pin=U4-30
Added Pin To Net: NetName=USART1_RX Pin=U4-31
Added Pin To Net: NetName=I2C_CS Pin=U4-41
Added Pin To Net: NetName=I2C_SCL Pin=U4-42
Added Pin To Net: NetName=I2C_SDA Pin=U4-43
Added Pin To Net: NetName=3V3-SYS Pin=U-3
Added Pin To Net: NetName=USART2_TX Pin=U-4
Added Pin To Net: NetName=GND Pin=U-5
Added Pin To Net: NetName=USART1_CK Pin=X1-1
Added Pin To Net: NetName=USART1_TX Pin=X1-2
Added Pin To Net: NetName=USART1_RX Pin=X1-3
Added Pin To Net: NetName=NetC8_1 Pin=Y1-1
Added Pin To Net: NetName=NetC9_2 Pin=Y1-2
Added Member To Class: ClassName=Modules-sheet Member=Component C1 100uF
Added Member To Class: ClassName=Modules-sheet Member=Component C2 0.1uF
Added Member To Class: ClassName=Modules-sheet Member=Component C3 4.7uF
Added Member To Class: ClassName=Modules-sheet Member=Component C4 470pF
Added Member To Class: ClassName=Modules-sheet Member=Component C5 100nF
Added Member To Class: ClassName=Modules-sheet Member=Component C6 100nF
Added Member To Class: ClassName=Modules-sheet Member=Component C7 470uF
Added Member To Class: ClassName=STM32-sheet Member=Component C8 8 pF
Added Member To Class: ClassName=STM32-sheet Member=Component C9 8 pF
Add Class Member: Failed to add class member : Component D1 BYV10-40
Added Member To Class: ClassName=Modules-sheet Member=Component IC1 MC34063A
Added Member To Class: ClassName=Modules-sheet Member=Component L1
Added Member To Class: ClassName=Modules-sheet Member=Component R1 0.33 Ohm
Added Member To Class: ClassName=Modules-sheet Member=Component R2 10K
Added Member To Class: ClassName=Modules-sheet Member=Component R3 10K
Added Member To Class: ClassName=Modules-sheet Member=Component R4 3K6
Added Member To Class: ClassName=Modules-sheet Member=Component R5 1K2
Added Member To Class: ClassName=Modules-sheet Member=Component R6 4K7
Added Member To Class: ClassName=Modules-sheet Member=Component U1 BME280
Added Member To Class: ClassName=Modules-sheet Member=Component U2 TH02
Added Member To Class: ClassName=STM32-sheet Member=Component U4 STM32F103CBU6
Added Member To Class: ClassName=Modules-sheet Member=Component U DS18B20Z
Added Member To Class: ClassName=Modules-sheet Member=Component X1 PLS-3
Added Member To Class: ClassName=STM32-sheet Member=Component Y1
Added Room: Name=STM32-sheet
